This is pdfTeX, Version 3.141592653-2.6-1.40.22 (TeX Live 2021) (preloaded format=latex 2021.10.19)  3 NOV 2022 19:01
entering extended mode
 restricted \write18 enabled.
 %&-line parsing enabled.
**/Users/kyoheiyamashita/VSCode/semi/第一回/rinkou.tex
(/Users/kyoheiyamashita/VSCode/semi/第一回/rinkou.tex
LaTeX2e <2020-10-01> patch level 4
L3 programming layer <2021-02-18> (./eco.cls
Document Class: eco 2013/09/29 v1.00 Mouri-rinkou eco Class
\c@@paper=\count179
\h=\dimen138
\JQ=\dimen139
\Q=\dimen140
\@Q=\dimen141

! LaTeX Error: Font family `JT1+gt' unknown.

See the LaTeX manual or LaTeX Companion for explanation.
Type  H <return>  for immediate help.
 ...                                              
                                                  
l.260 ...tShape{JT1}{gt}{m}{it}{<-> ssub*gt/m/n}{}
                                                  
Your command was ignored.
Type  I <command> <return>  to replace it with another command,
or  <return>  to continue without it.


! LaTeX Error: Encoding scheme `JT1' unknown.

See the LaTeX manual or LaTeX Companion for explanation.
Type  H <return>  for immediate help.
 ...                                              
                                                  
l.261 \DeclareFontFamily{JT1}{mdg}{}
                                    
Your command was ignored.
Type  I <command> <return>  to replace it with another command,
or  <return>  to continue without it.


! LaTeX Error: Font family `JT1+mdg' unknown.

See the LaTeX manual or LaTeX Companion for explanation.
Type  H <return>  for immediate help.
 ...                                              
                                                  
l.262 ...tShape{JT1}{mdg}{m}{n}{<-> ssub*gt/m/n}{}
                                                  
Your command was ignored.
Type  I <command> <return>  to replace it with another command,
or  <return>  to continue without it.


! LaTeX Error: Encoding scheme `JT1' unknown.

See the LaTeX manual or LaTeX Companion for explanation.
Type  H <return>  for immediate help.
 ...                                              
                                                  
l.263 \DeclareFontFamily{JT1}{gmb}{}
                                    
Your command was ignored.
Type  I <command> <return>  to replace it with another command,
or  <return>  to continue without it.


! LaTeX Error: Font family `JT1+gmb' unknown.

See the LaTeX manual or LaTeX Companion for explanation.
Type  H <return>  for immediate help.
 ...                                              
                                                  
l.264 ...tShape{JT1}{gmb}{m}{n}{<-> ssub*gt/m/n}{}
                                                  
Your command was ignored.
Type  I <command> <return>  to replace it with another command,
or  <return>  to continue without it.


! LaTeX Error: Font family `JT1+gmb' unknown.

See the LaTeX manual or LaTeX Companion for explanation.
Type  H <return>  for immediate help.
 ...                                              
                                                  
l.265 ...Shape{JT1}{gmb}{bx}{n}{<-> ssub*gt/m/n}{}
                                                  
Your command was ignored.
Type  I <command> <return>  to replace it with another command,
or  <return>  to continue without it.


! LaTeX Error: Encoding scheme `JT1' unknown.

See the LaTeX manual or LaTeX Companion for explanation.
Type  H <return>  for immediate help.
 ...                                              
                                                  
l.266 \DeclareFontFamily{JT1}{sg}{}
                                   
Your command was ignored.
Type  I <command> <return>  to replace it with another command,
or  <return>  to continue without it.


! LaTeX Error: Font family `JT1+sg' unknown.

See the LaTeX manual or LaTeX Companion for explanation.
Type  H <return>  for immediate help.
 ...                                              
                                                  
l.267 ...ntShape{JT1}{sg}{m}{n}{<-> ssub*gt/m/n}{}
                                                  
Your command was ignored.
Type  I <command> <return>  to replace it with another command,
or  <return>  to continue without it.


! LaTeX Error: Font family `JT1+sg' unknown.

See the LaTeX manual or LaTeX Companion for explanation.
Type  H <return>  for immediate help.
 ...                                              
                                                  
l.268 ...tShape{JT1}{sg}{bx}{n}{<-> ssub*gt/m/n}{}
                                                  
Your command was ignored.
Type  I <command> <return>  to replace it with another command,
or  <return>  to continue without it.


! LaTeX Error: Encoding scheme `JT1' unknown.

See the LaTeX manual or LaTeX Companion for explanation.
Type  H <return>  for immediate help.
 ...                                              
                                                  
l.269 \DeclareFontFamily{JT1}{gbm}{}
                                    
Your command was ignored.
Type  I <command> <return>  to replace it with another command,
or  <return>  to continue without it.


! LaTeX Error: Font family `JT1+gbm' unknown.

See the LaTeX manual or LaTeX Companion for explanation.
Type  H <return>  for immediate help.
 ...                                              
                                                  
l.270 ...tShape{JT1}{gbm}{m}{n}{<-> ssub*gt/m/n}{}
                                                  
Your command was ignored.
Type  I <command> <return>  to replace it with another command,
or  <return>  to continue without it.


! LaTeX Error: Font family `JT1+gbm' unknown.

See the LaTeX manual or LaTeX Companion for explanation.
Type  H <return>  for immediate help.
 ...                                              
                                                  
l.271 ...Shape{JT1}{gbm}{bx}{n}{<-> ssub*gt/m/n}{}
                                                  
Your command was ignored.
Type  I <command> <return>  to replace it with another command,
or  <return>  to continue without it.


! LaTeX Error: Encoding scheme `JT1' unknown.

See the LaTeX manual or LaTeX Companion for explanation.
Type  H <return>  for immediate help.
 ...                                              
                                                  
l.272 \DeclareFontFamily{JT1}{jun}{}
                                    
Your command was ignored.
Type  I <command> <return>  to replace it with another command,
or  <return>  to continue without it.


! LaTeX Error: Font family `JT1+jun' unknown.

See the LaTeX manual or LaTeX Companion for explanation.
Type  H <return>  for immediate help.
 ...                                              
                                                  
l.273 ...tShape{JT1}{jun}{b}{n}{<-> ssub*gt/m/n}{}
                                                  
Your command was ignored.
Type  I <command> <return>  to replace it with another command,
or  <return>  to continue without it.


! LaTeX Error: Font family `JT1+jun' unknown.

See the LaTeX manual or LaTeX Companion for explanation.
Type  H <return>  for immediate help.
 ...                                              
                                                  
l.274 ...tShape{JT1}{jun}{m}{n}{<-> ssub*gt/m/n}{}
                                                  
Your command was ignored.
Type  I <command> <return>  to replace it with another command,
or  <return>  to continue without it.


! LaTeX Error: Font family `JT1+jun' unknown.

See the LaTeX manual or LaTeX Companion for explanation.
Type  H <return>  for immediate help.
 ...                                              
                                                  
l.275 ...Shape{JT1}{jun}{bx}{n}{<-> ssub*gt/m/n}{}
                                                  
Your command was ignored.
Type  I <command> <return>  to replace it with another command,
or  <return>  to continue without it.


! LaTeX Error: Font family `JT1+mc' unknown.

See the LaTeX manual or LaTeX Companion for explanation.
Type  H <return>  for immediate help.
 ...                                              
                                                  
l.276 ...tShape{JT1}{mc}{m}{it}{<-> ssub*mc/m/n}{}
                                                  
Your command was ignored.
Type  I <command> <return>  to replace it with another command,
or  <return>  to continue without it.


! LaTeX Error: Font family `JY1+mc' unknown.

See the LaTeX manual or LaTeX Companion for explanation.
Type  H <return>  for immediate help.
 ...                                              
                                                  
l.277 ...tShape{JY1}{mc}{m}{it}{<-> ssub*mc/m/n}{}
                                                  %% v1.4
Your command was ignored.
Type  I <command> <return>  to replace it with another command,
or  <return>  to continue without it.


! LaTeX Error: Font family `JT1+mc' unknown.

See the LaTeX manual or LaTeX Companion for explanation.
Type  H <return>  for immediate help.
 ...                                              
                                                  
l.279 ...Shape{JT1}{mc}{bx}{it}{<-> ssub*gt/m/n}{}
                                                  %% v1.4
Your command was ignored.
Type  I <command> <return>  to replace it with another command,
or  <return>  to continue without it.


! LaTeX Error: Font family `JY1+mc' unknown.

See the LaTeX manual or LaTeX Companion for explanation.
Type  H <return>  for immediate help.
 ...                                              
                                                  
l.280 ...Shape{JY1}{mc}{bx}{it}{<-> ssub*gt/m/n}{}
                                                  %% v1.4
Your command was ignored.
Type  I <command> <return>  to replace it with another command,
or  <return>  to continue without it.


! LaTeX Error: Font family `JT1+mc' unknown.

See the LaTeX manual or LaTeX Companion for explanation.
Type  H <return>  for immediate help.
 ...                                              
                                                  
l.284 ...tShape{JT1}{mc}{m}{sc}{<-> ssub*mc/m/n}{}
                                                  
Your command was ignored.
Type  I <command> <return>  to replace it with another command,
or  <return>  to continue without it.


! LaTeX Error: Font family `JY1+mc' unknown.

See the LaTeX manual or LaTeX Companion for explanation.
Type  H <return>  for immediate help.
 ...                                              
                                                  
l.285 ...tShape{JY1}{mc}{m}{sc}{<-> ssub*mc/m/n}{}
                                                  
Your command was ignored.
Type  I <command> <return>  to replace it with another command,
or  <return>  to continue without it.


! LaTeX Error: Font family `JY1+mc' unknown.

See the LaTeX manual or LaTeX Companion for explanation.
Type  H <return>  for immediate help.
 ...                                              
                                                  
l.299  }{}
          
Your command was ignored.
Type  I <command> <return>  to replace it with another command,
or  <return>  to continue without it.


! LaTeX Error: Font family `JY1+gt' unknown.

See the LaTeX manual or LaTeX Companion for explanation.
Type  H <return>  for immediate help.
 ...                                              
                                                  
l.313  }{}
          
Your command was ignored.
Type  I <command> <return>  to replace it with another command,
or  <return>  to continue without it.


! LaTeX Error: Encoding scheme `JY1' unknown.

See the LaTeX manual or LaTeX Companion for explanation.
Type  H <return>  for immediate help.
 ...                                              
                                                  
l.515  \DeclareFontFamily{JY1}{fgb}{}
                                     
Your command was ignored.
Type  I <command> <return>  to replace it with another command,
or  <return>  to continue without it.


! LaTeX Error: Font family `JY1+fgb' unknown.

See the LaTeX manual or LaTeX Companion for explanation.
Type  H <return>  for immediate help.
 ...                                              
                                                  
l.519  }{}
          
Your command was ignored.
Type  I <command> <return>  to replace it with another command,
or  <return>  to continue without it.


! LaTeX Error: Encoding scheme `JT1' unknown.

See the LaTeX manual or LaTeX Companion for explanation.
Type  H <return>  for immediate help.
 ...                                              
                                                  
l.520  \DeclareFontFamily{JT1}{fgb}{}
                                     
Your command was ignored.
Type  I <command> <return>  to replace it with another command,
or  <return>  to continue without it.


! LaTeX Error: Font family `JT1+fgb' unknown.

See the LaTeX manual or LaTeX Companion for explanation.
Type  H <return>  for immediate help.
 ...                                              
                                                  
l.523  }{}
          
Your command was ignored.
Type  I <command> <return>  to replace it with another command,
or  <return>  to continue without it.


! LaTeX Error: Encoding scheme `JY1' unknown.

See the LaTeX manual or LaTeX Companion for explanation.
Type  H <return>  for immediate help.
 ...                                              
                                                  
l.526  \DeclareFontFamily{JY1}{fmb}{}
                                     
Your command was ignored.
Type  I <command> <return>  to replace it with another command,
or  <return>  to continue without it.


! LaTeX Error: Font family `JY1+fmb' unknown.

See the LaTeX manual or LaTeX Companion for explanation.
Type  H <return>  for immediate help.
 ...                                              
                                                  
l.530  }{}
          
Your command was ignored.
Type  I <command> <return>  to replace it with another command,
or  <return>  to continue without it.


! LaTeX Error: Encoding scheme `JT1' unknown.

See the LaTeX manual or LaTeX Companion for explanation.
Type  H <return>  for immediate help.
 ...                                              
                                                  
l.531  \DeclareFontFamily{JT1}{fmb}{}
                                     
Your command was ignored.
Type  I <command> <return>  to replace it with another command,
or  <return>  to continue without it.


! LaTeX Error: Font family `JT1+fmb' unknown.

See the LaTeX manual or LaTeX Companion for explanation.
Type  H <return>  for immediate help.
 ...                                              
                                                  
l.534  }{}
          
Your command was ignored.
Type  I <command> <return>  to replace it with another command,
or  <return>  to continue without it.

\ChtE=\skip47
\CdpE=\skip48
\CwdE=\skip49
\CvsE=\skip50
! Illegal unit of measure (pt inserted).
<to be read again> 
                   H
l.588  \normalsize
                  
Dimensions can be in units of em, ex, in, pt, pc,
cm, mm, dd, cc, nd, nc, bp, or sp; but yours is a new one!
I'll assume that you meant to say pt, for printer's points.
To recover gracefully from this error, it's best to
delete the erroneous units; e.g., type `2' to delete
two letters. (See Chapter 27 of The TeXbook.)

! Undefined control sequence.
\normalsize ...normalsize {13\JQ }{21H}\kanjiskip 
                                                  \z@ \@plus .1zw \@minus .0...
l.588  \normalsize
                  
The control sequence at the end of the top line
of your error message was never \def'ed. If you have
misspelled it (e.g., `\hobx'), type `I' and the correct
spelling (e.g., `I\hbox'). Otherwise just continue,
and I'll forget about whatever was undefined.

! Missing number, treated as zero.
<to be read again> 
                   p
l.588  \normalsize
                  
A number should have been here; I inserted `0'.
(If you can't figure out why I needed to see a number,
look up `weird error' in the index to The TeXbook.)

! Illegal unit of measure (pt inserted).
<to be read again> 
                   p
l.588  \normalsize
                  
Dimensions can be in units of em, ex, in, pt, pc,
cm, mm, dd, cc, nd, nc, bp, or sp; but yours is a new one!
I'll assume that you meant to say pt, for printer's points.
To recover gracefully from this error, it's best to
delete the erroneous units; e.g., type `2' to delete
two letters. (See Chapter 27 of The TeXbook.)


! LaTeX Error: Missing \begin{document}.

See the LaTeX manual or LaTeX Companion for explanation.
Type  H <return>  for immediate help.
 ...                                              
                                                  
l.588  \normalsize
                  
You're in trouble here.  Try typing  <return>  to proceed.
If that doesn't work, type  X <return>  to quit.

! Undefined control sequence.
l.589  \setbox0\hbox{\char\euc
                              "A1A1}% "
The control sequence at the end of the top line
of your error message was never \def'ed. If you have
misspelled it (e.g., `\hobx'), type `I' and the correct
spelling (e.g., `I\hbox'). Otherwise just continue,
and I'll forget about whatever was undefined.

! Bad character code (41377).
<to be read again> 
                   }
l.589  \setbox0\hbox{\char\euc"A1A1}
                                    % "
A character number must be between 0 and 255.
I changed this one to zero.

! Undefined control sequence.
<argument> \Cht 
                
l.590  \setlength\Cht{\ht0}
                           
The control sequence at the end of the top line
of your error message was never \def'ed. If you have
misspelled it (e.g., `\hobx'), type `I' and the correct
spelling (e.g., `I\hbox'). Otherwise just continue,
and I'll forget about whatever was undefined.

! Missing number, treated as zero.
<to be read again> 
                   \relax 
l.590  \setlength\Cht{\ht0}
                           
A number should have been here; I inserted `0'.
(If you can't figure out why I needed to see a number,
look up `weird error' in the index to The TeXbook.)

! Illegal unit of measure (pt inserted).
<to be read again> 
                   \relax 
l.590  \setlength\Cht{\ht0}
                           
Dimensions can be in units of em, ex, in, pt, pc,
cm, mm, dd, cc, nd, nc, bp, or sp; but yours is a new one!
I'll assume that you meant to say pt, for printer's points.
To recover gracefully from this error, it's best to
delete the erroneous units; e.g., type `2' to delete
two letters. (See Chapter 27 of The TeXbook.)

! Undefined control sequence.
<argument> \Cdp 
                
l.591  \setlength\Cdp{\dp0}
                           
The control sequence at the end of the top line
of your error message was never \def'ed. If you have
misspelled it (e.g., `\hobx'), type `I' and the correct
spelling (e.g., `I\hbox'). Otherwise just continue,
and I'll forget about whatever was undefined.

! Missing number, treated as zero.
<to be read again> 
                   \relax 
l.591  \setlength\Cdp{\dp0}
                           
A number should have been here; I inserted `0'.
(If you can't figure out why I needed to see a number,
look up `weird error' in the index to The TeXbook.)

! Illegal unit of measure (pt inserted).
<to be read again> 
                   \relax 
l.591  \setlength\Cdp{\dp0}
                           
Dimensions can be in units of em, ex, in, pt, pc,
cm, mm, dd, cc, nd, nc, bp, or sp; but yours is a new one!
I'll assume that you meant to say pt, for printer's points.
To recover gracefully from this error, it's best to
delete the erroneous units; e.g., type `2' to delete
two letters. (See Chapter 27 of The TeXbook.)

! Undefined control sequence.
<argument> \Cwd 
                
l.592  \setlength\Cwd{\wd0}
                           
The control sequence at the end of the top line
of your error message was never \def'ed. If you have
misspelled it (e.g., `\hobx'), type `I' and the correct
spelling (e.g., `I\hbox'). Otherwise just continue,
and I'll forget about whatever was undefined.

! Missing number, treated as zero.
<to be read again> 
                   \relax 
l.592  \setlength\Cwd{\wd0}
                           
A number should have been here; I inserted `0'.
(If you can't figure out why I needed to see a number,
look up `weird error' in the index to The TeXbook.)

! Illegal unit of measure (pt inserted).
<to be read again> 
                   \relax 
l.592  \setlength\Cwd{\wd0}
                           
Dimensions can be in units of em, ex, in, pt, pc,
cm, mm, dd, cc, nd, nc, bp, or sp; but yours is a new one!
I'll assume that you meant to say pt, for printer's points.
To recover gracefully from this error, it's best to
delete the erroneous units; e.g., type `2' to delete
two letters. (See Chapter 27 of The TeXbook.)

! Undefined control sequence.
<argument> \Cvs 
                
l.593  \setlength\Cvs{\baselineskip}
                                    
The control sequence at the end of the top line
of your error message was never \def'ed. If you have
misspelled it (e.g., `\hobx'), type `I' and the correct
spelling (e.g., `I\hbox'). Otherwise just continue,
and I'll forget about whatever was undefined.

! Missing number, treated as zero.
<to be read again> 
                   \relax 
l.593  \setlength\Cvs{\baselineskip}
                                    
A number should have been here; I inserted `0'.
(If you can't figure out why I needed to see a number,
look up `weird error' in the index to The TeXbook.)

! Illegal unit of measure (pt inserted).
<to be read again> 
                   \relax 
l.593  \setlength\Cvs{\baselineskip}
                                    
Dimensions can be in units of em, ex, in, pt, pc,
cm, mm, dd, cc, nd, nc, bp, or sp; but yours is a new one!
I'll assume that you meant to say pt, for printer's points.
To recover gracefully from this error, it's best to
delete the erroneous units; e.g., type `2' to delete
two letters. (See Chapter 27 of The TeXbook.)

! Undefined control sequence.
<argument> \Chs 
                
l.594  \setlength\Chs{\wd0}
                           
The control sequence at the end of the top line
of your error message was never \def'ed. If you have
misspelled it (e.g., `\hobx'), type `I' and the correct
spelling (e.g., `I\hbox'). Otherwise just continue,
and I'll forget about whatever was undefined.

! Missing number, treated as zero.
<to be read again> 
                   \relax 
l.594  \setlength\Chs{\wd0}
                           
A number should have been here; I inserted `0'.
(If you can't figure out why I needed to see a number,
look up `weird error' in the index to The TeXbook.)

! Illegal unit of measure (pt inserted).
<to be read again> 
                   \relax 
l.594  \setlength\Chs{\wd0}
                           
Dimensions can be in units of em, ex, in, pt, pc,
cm, mm, dd, cc, nd, nc, bp, or sp; but yours is a new one!
I'll assume that you meant to say pt, for printer's points.
To recover gracefully from this error, it's best to
delete the erroneous units; e.g., type `2' to delete
two letters. (See Chapter 27 of The TeXbook.)


Overfull \hbox (55.82532pt too wide) in paragraph at lines 588--596
[]\OT1/cmr/m/n/9.61035 plus.1zw
 []


Overfull \hbox (13.88162pt too wide) in paragraph at lines 588--596
\OT1/cmr/m/n/9.61035 mi-
 []


Overfull \hbox (37.694pt too wide) in paragraph at lines 588--596
\OT1/cmr/m/n/9.61035 nus.05zw
 []

! Undefined control sequence.
<argument> 1\Cvs 
                 \@plus .75\Cvs \@minus .25\Cvs 
l.685 ...   {1\Cvs \@plus .75\Cvs \@minus .25\Cvs}
                                                  
The control sequence at the end of the top line
of your error message was never \def'ed. If you have
misspelled it (e.g., `\hobx'), type `I' and the correct
spelling (e.g., `I\hbox'). Otherwise just continue,
and I'll forget about whatever was undefined.

! Illegal unit of measure (pt inserted).
<to be read again> 
                   p
l.685 ...   {1\Cvs \@plus .75\Cvs \@minus .25\Cvs}
                                                  
Dimensions can be in units of em, ex, in, pt, pc,
cm, mm, dd, cc, nd, nc, bp, or sp; but yours is a new one!
I'll assume that you meant to say pt, for printer's points.
To recover gracefully from this error, it's best to
delete the erroneous units; e.g., type `2' to delete
two letters. (See Chapter 27 of The TeXbook.)

! Undefined control sequence.
<argument> 1\Cvs \@plus .75\Cvs 
                                \@minus .25\Cvs 
l.685 ...   {1\Cvs \@plus .75\Cvs \@minus .25\Cvs}
                                                  
The control sequence at the end of the top line
of your error message was never \def'ed. If you have
misspelled it (e.g., `\hobx'), type `I' and the correct
spelling (e.g., `I\hbox'). Otherwise just continue,
and I'll forget about whatever was undefined.

! Illegal unit of measure (pt inserted).
<to be read again> 
                   m
l.685 ...   {1\Cvs \@plus .75\Cvs \@minus .25\Cvs}
                                                  
Dimensions can be in units of em, ex, in, pt, pc,
cm, mm, dd, cc, nd, nc, bp, or sp; but yours is a new one!
I'll assume that you meant to say pt, for printer's points.
To recover gracefully from this error, it's best to
delete the erroneous units; e.g., type `2' to delete
two letters. (See Chapter 27 of The TeXbook.)

! Undefined control sequence.
<argument> 1\Cvs \@plus .75\Cvs \@minus .25\Cvs 
                                                
l.685 ...   {1\Cvs \@plus .75\Cvs \@minus .25\Cvs}
                                                  
The control sequence at the end of the top line
of your error message was never \def'ed. If you have
misspelled it (e.g., `\hobx'), type `I' and the correct
spelling (e.g., `I\hbox'). Otherwise just continue,
and I'll forget about whatever was undefined.

! Illegal unit of measure (pt inserted).
<to be read again> 
                   \relax 
l.685 ...   {1\Cvs \@plus .75\Cvs \@minus .25\Cvs}
                                                  
Dimensions can be in units of em, ex, in, pt, pc,
cm, mm, dd, cc, nd, nc, bp, or sp; but yours is a new one!
I'll assume that you meant to say pt, for printer's points.
To recover gracefully from this error, it's best to
delete the erroneous units; e.g., type `2' to delete
two letters. (See Chapter 27 of The TeXbook.)

! Undefined control sequence.
<argument> 1\Cvs 
                 \@plus .75\Cvs \@minus .25\Cvs 
l.686 ...sep{1\Cvs \@plus .75\Cvs \@minus .25\Cvs}
                                                  
The control sequence at the end of the top line
of your error message was never \def'ed. If you have
misspelled it (e.g., `\hobx'), type `I' and the correct
spelling (e.g., `I\hbox'). Otherwise just continue,
and I'll forget about whatever was undefined.

! Illegal unit of measure (pt inserted).
<to be read again> 
                   p
l.686 ...sep{1\Cvs \@plus .75\Cvs \@minus .25\Cvs}
                                                  
Dimensions can be in units of em, ex, in, pt, pc,
cm, mm, dd, cc, nd, nc, bp, or sp; but yours is a new one!
I'll assume that you meant to say pt, for printer's points.
To recover gracefully from this error, it's best to
delete the erroneous units; e.g., type `2' to delete
two letters. (See Chapter 27 of The TeXbook.)

! Undefined control sequence.
<argument> 1\Cvs \@plus .75\Cvs 
                                \@minus .25\Cvs 
l.686 ...sep{1\Cvs \@plus .75\Cvs \@minus .25\Cvs}
                                                  
The control sequence at the end of the top line
of your error message was never \def'ed. If you have
misspelled it (e.g., `\hobx'), type `I' and the correct
spelling (e.g., `I\hbox'). Otherwise just continue,
and I'll forget about whatever was undefined.

! Illegal unit of measure (pt inserted).
<to be read again> 
                   m
l.686 ...sep{1\Cvs \@plus .75\Cvs \@minus .25\Cvs}
                                                  
Dimensions can be in units of em, ex, in, pt, pc,
cm, mm, dd, cc, nd, nc, bp, or sp; but yours is a new one!
I'll assume that you meant to say pt, for printer's points.
To recover gracefully from this error, it's best to
delete the erroneous units; e.g., type `2' to delete
two letters. (See Chapter 27 of The TeXbook.)

! Undefined control sequence.
<argument> 1\Cvs \@plus .75\Cvs \@minus .25\Cvs 
                                                
l.686 ...sep{1\Cvs \@plus .75\Cvs \@minus .25\Cvs}
                                                  
The control sequence at the end of the top line
of your error message was never \def'ed. If you have
misspelled it (e.g., `\hobx'), type `I' and the correct
spelling (e.g., `I\hbox'). Otherwise just continue,
and I'll forget about whatever was undefined.

! Illegal unit of measure (pt inserted).
<to be read again> 
                   \relax 
l.686 ...sep{1\Cvs \@plus .75\Cvs \@minus .25\Cvs}
                                                  
Dimensions can be in units of em, ex, in, pt, pc,
cm, mm, dd, cc, nd, nc, bp, or sp; but yours is a new one!
I'll assume that you meant to say pt, for printer's points.
To recover gracefully from this error, it's best to
delete the erroneous units; e.g., type `2' to delete
two letters. (See Chapter 27 of The TeXbook.)

! Undefined control sequence.
<argument> 1\Cvs 
                 \@plus .75\Cvs \@minus .25\Cvs 
l.687 ...   {1\Cvs \@plus .75\Cvs \@minus .25\Cvs}
                                                  
The control sequence at the end of the top line
of your error message was never \def'ed. If you have
misspelled it (e.g., `\hobx'), type `I' and the correct
spelling (e.g., `I\hbox'). Otherwise just continue,
and I'll forget about whatever was undefined.

! Illegal unit of measure (pt inserted).
<to be read again> 
                   p
l.687 ...   {1\Cvs \@plus .75\Cvs \@minus .25\Cvs}
                                                  
Dimensions can be in units of em, ex, in, pt, pc,
cm, mm, dd, cc, nd, nc, bp, or sp; but yours is a new one!
I'll assume that you meant to say pt, for printer's points.
To recover gracefully from this error, it's best to
delete the erroneous units; e.g., type `2' to delete
two letters. (See Chapter 27 of The TeXbook.)

! Undefined control sequence.
<argument> 1\Cvs \@plus .75\Cvs 
                                \@minus .25\Cvs 
l.687 ...   {1\Cvs \@plus .75\Cvs \@minus .25\Cvs}
                                                  
The control sequence at the end of the top line
of your error message was never \def'ed. If you have
misspelled it (e.g., `\hobx'), type `I' and the correct
spelling (e.g., `I\hbox'). Otherwise just continue,
and I'll forget about whatever was undefined.

! Illegal unit of measure (pt inserted).
<to be read again> 
                   m
l.687 ...   {1\Cvs \@plus .75\Cvs \@minus .25\Cvs}
                                                  
Dimensions can be in units of em, ex, in, pt, pc,
cm, mm, dd, cc, nd, nc, bp, or sp; but yours is a new one!
I'll assume that you meant to say pt, for printer's points.
To recover gracefully from this error, it's best to
delete the erroneous units; e.g., type `2' to delete
two letters. (See Chapter 27 of The TeXbook.)

! Undefined control sequence.
<argument> 1\Cvs \@plus .75\Cvs \@minus .25\Cvs 
                                                
l.687 ...   {1\Cvs \@plus .75\Cvs \@minus .25\Cvs}
                                                  
The control sequence at the end of the top line
of your error message was never \def'ed. If you have
misspelled it (e.g., `\hobx'), type `I' and the correct
spelling (e.g., `I\hbox'). Otherwise just continue,
and I'll forget about whatever was undefined.

! Illegal unit of measure (pt inserted).
<to be read again> 
                   \relax 
l.687 ...   {1\Cvs \@plus .75\Cvs \@minus .25\Cvs}
                                                  
Dimensions can be in units of em, ex, in, pt, pc,
cm, mm, dd, cc, nd, nc, bp, or sp; but yours is a new one!
I'll assume that you meant to say pt, for printer's points.
To recover gracefully from this error, it's best to
delete the erroneous units; e.g., type `2' to delete
two letters. (See Chapter 27 of The TeXbook.)

! Undefined control sequence.
<argument> 1\Cht 
                 
l.734 \setlength\topskip{1\Cht}
                               
The control sequence at the end of the top line
of your error message was never \def'ed. If you have
misspelled it (e.g., `\hobx'), type `I' and the correct
spelling (e.g., `I\hbox'). Otherwise just continue,
and I'll forget about whatever was undefined.

! Illegal unit of measure (pt inserted).
<to be read again> 
                   \relax 
l.734 \setlength\topskip{1\Cht}
                               
Dimensions can be in units of em, ex, in, pt, pc,
cm, mm, dd, cc, nd, nc, bp, or sp; but yours is a new one!
I'll assume that you meant to say pt, for printer's points.
To recover gracefully from this error, it's best to
delete the erroneous units; e.g., type `2' to delete
two letters. (See Chapter 27 of The TeXbook.)

! Arithmetic overflow.
<recently read> \baselineskip 
                              
l.845     \divide\@tempdima\baselineskip
                                        
I can't carry out that multiplication or division,
since the result is out of range.

\normalbaselineskip=\skip51
! Illegal unit of measure (pt inserted).
<to be read again> 
                   z
l.959 \setlength\parindent{1zw}
                               %
Dimensions can be in units of em, ex, in, pt, pc,
cm, mm, dd, cc, nd, nc, bp, or sp; but yours is a new one!
I'll assume that you meant to say pt, for printer's points.
To recover gracefully from this error, it's best to
delete the erroneous units; e.g., type `2' to delete
two letters. (See Chapter 27 of The TeXbook.)


! LaTeX Error: Missing \begin{document}.

See the LaTeX manual or LaTeX Companion for explanation.
Type  H <return>  for immediate help.
 ...                                              
                                                  
l.959 \setlength\parindent{1zw}
                               %
You're in trouble here.  Try typing  <return>  to proceed.
If that doesn't work, type  X <return>  to quit.


Overfull \hbox (12.2121pt too wide) in paragraph at lines 959--961
[]\OT1/cmr/m/n/9.61035 zw 
 []

\author@count=\count180
\label@count=\count181
\email@count=\count182
\affiliate@count=\count183
\paffiliate@count=\count184
\shubetutitlesep=\skip52
\JEhonbunsep=\skip53
\Etitleauthorsep=\skip54
\Eauthorreceivesep=\skip55
\Ereceiveabstsep=\skip56
\Eabstkeywordsep=\skip57
\Jtitlejauthorsep=\skip58
\Jauthorjreceivesep=\skip59
\Jreceivejabstsep=\skip60
\Jabstsepjkeyword=\skip61
\Jkeywordetitle=\skip62
\Jetitleeauthor=\skip63
\Jeauthorereceivesep=\skip64
\Jereceiveeabstsep=\skip65
\Jeabstekeywordsep=\skip66
\@abstractbox=\box47
\@eabstractbox=\box48
\c@part=\count185
\c@section=\count186
\c@subsection=\count187
\c@subsubsection=\count188
\c@paragraph=\count189
\c@subparagraph=\count190
\@tempboxb=\box49
\SECTwd=\box50
\section@height=\skip67
\@abovecapskip=\dimen142
\@belowcapskip=\dimen143
\c@figure=\count191
\c@table=\count192
\abovecaptionskip=\skip68
\belowcaptionskip=\skip69
\@tempboxb=\box51
\capwidth=\dimen144
\ecapwidth=\dimen145
! Undefined control sequence.
l.2927 \leftmargini\Cwd
                       
The control sequence at the end of the top line
of your error message was never \def'ed. If you have
misspelled it (e.g., `\hobx'), type `I' and the correct
spelling (e.g., `I\hbox'). Otherwise just continue,
and I'll forget about whatever was undefined.


! LaTeX Error: Missing \begin{document}.

See the LaTeX manual or LaTeX Companion for explanation.
Type  H <return>  for immediate help.
 ...                                              
                                                  
l.2928 \leftmarginii.
                     5\Cwd
You're in trouble here.  Try typing  <return>  to proceed.
If that doesn't work, type  X <return>  to quit.

! Undefined control sequence.
l.2928 \leftmarginii.5\Cwd
                          
The control sequence at the end of the top line
of your error message was never \def'ed. If you have
misspelled it (e.g., `\hobx'), type `I' and the correct
spelling (e.g., `I\hbox'). Otherwise just continue,
and I'll forget about whatever was undefined.

! Undefined control sequence.
l.2929 \leftmarginiii2\Cwd
                          
The control sequence at the end of the top line
of your error message was never \def'ed. If you have
misspelled it (e.g., `\hobx'), type `I' and the correct
spelling (e.g., `I\hbox'). Otherwise just continue,
and I'll forget about whatever was undefined.

! Undefined control sequence.
l.2930 \leftmarginiv2\Cwd
                         
The control sequence at the end of the top line
of your error message was never \def'ed. If you have
misspelled it (e.g., `\hobx'), type `I' and the correct
spelling (e.g., `I\hbox'). Otherwise just continue,
and I'll forget about whatever was undefined.

! Undefined control sequence.
l.2931 \leftmarginv2\Cwd
                        
The control sequence at the end of the top line
of your error message was never \def'ed. If you have
misspelled it (e.g., `\hobx'), type `I' and the correct
spelling (e.g., `I\hbox'). Otherwise just continue,
and I'll forget about whatever was undefined.

! Undefined control sequence.
l.2932 \leftmarginvi2\Cwd
                         
The control sequence at the end of the top line
of your error message was never \def'ed. If you have
misspelled it (e.g., `\hobx'), type `I' and the correct
spelling (e.g., `I\hbox'). Otherwise just continue,
and I'll forget about whatever was undefined.


Overfull \hbox (18.08511pt too wide) in paragraph at lines 2928--2933
[]\OT1/cmr/m/n/9.61035 .522 
 []

! Undefined control sequence.
\lst@listi ->\labelsep \Cwd 
                            \labelwidth .25\Cwd \rightmargin \z@ \listparind...
l.2948 \@listi
              
The control sequence at the end of the top line
of your error message was never \def'ed. If you have
misspelled it (e.g., `\hobx'), type `I' and the correct
spelling (e.g., `I\hbox'). Otherwise just continue,
and I'll forget about whatever was undefined.


! LaTeX Error: Missing \begin{document}.

See the LaTeX manual or LaTeX Companion for explanation.
Type  H <return>  for immediate help.
 ...                                              
                                                  
l.2948 \@listi
              
You're in trouble here.  Try typing  <return>  to proceed.
If that doesn't work, type  X <return>  to quit.

! Undefined control sequence.
\lst@listi ->\labelsep \Cwd \labelwidth .25\Cwd 
                                                \rightmargin \z@ \listparind...
l.2948 \@listi
              
The control sequence at the end of the top line
of your error message was never \def'ed. If you have
misspelled it (e.g., `\hobx'), type `I' and the correct
spelling (e.g., `I\hbox'). Otherwise just continue,
and I'll forget about whatever was undefined.


Overfull \hbox (13.27992pt too wide) in paragraph at lines 2948--2949
[]\OT1/cmr/m/n/9.61035 .25 
 []

\bibindent=\dimen146
\c@profile=\count193
\mathindent=\dimen147
! Undefined control sequence.
<argument> 2\Cwd 
                 
l.3985   \setlength\leftmargini {2\Cwd}
                                       %
The control sequence at the end of the top line
of your error message was never \def'ed. If you have
misspelled it (e.g., `\hobx'), type `I' and the correct
spelling (e.g., `I\hbox'). Otherwise just continue,
and I'll forget about whatever was undefined.

! Illegal unit of measure (pt inserted).
<to be read again> 
                   \relax 
l.3985   \setlength\leftmargini {2\Cwd}
                                       %
Dimensions can be in units of em, ex, in, pt, pc,
cm, mm, dd, cc, nd, nc, bp, or sp; but yours is a new one!
I'll assume that you meant to say pt, for printer's points.
To recover gracefully from this error, it's best to
delete the erroneous units; e.g., type `2' to delete
two letters. (See Chapter 27 of The TeXbook.)

! Illegal unit of measure (pt inserted).
<to be read again> 
                   H
l.3999   \twocolumn
                   
Dimensions can be in units of em, ex, in, pt, pc,
cm, mm, dd, cc, nd, nc, bp, or sp; but yours is a new one!
I'll assume that you meant to say pt, for printer's points.
To recover gracefully from this error, it's best to
delete the erroneous units; e.g., type `2' to delete
two letters. (See Chapter 27 of The TeXbook.)

! Undefined control sequence.
\normalsize ...normalsize {13\JQ }{21H}\kanjiskip 
                                                  \z@ \@plus .1zw \@minus .0...
l.3999   \twocolumn
                   
The control sequence at the end of the top line
of your error message was never \def'ed. If you have
misspelled it (e.g., `\hobx'), type `I' and the correct
spelling (e.g., `I\hbox'). Otherwise just continue,
and I'll forget about whatever was undefined.

! Missing number, treated as zero.
<to be read again> 
                   p
l.3999   \twocolumn
                   
A number should have been here; I inserted `0'.
(If you can't figure out why I needed to see a number,
look up `weird error' in the index to The TeXbook.)

! Illegal unit of measure (pt inserted).
<to be read again> 
                   p
l.3999   \twocolumn
                   
Dimensions can be in units of em, ex, in, pt, pc,
cm, mm, dd, cc, nd, nc, bp, or sp; but yours is a new one!
I'll assume that you meant to say pt, for printer's points.
To recover gracefully from this error, it's best to
delete the erroneous units; e.g., type `2' to delete
two letters. (See Chapter 27 of The TeXbook.)


Overfull \hbox (35.82532pt too wide) has occurred while \output is active
[]\OT1/cmr/m/n/9.61035 plus.1zw
 []


Overfull \hbox (13.88162pt too wide) has occurred while \output is active
\OT1/cmr/m/n/9.61035 mi-
 []


Overfull \hbox (37.694pt too wide) has occurred while \output is active
\OT1/cmr/m/n/9.61035 nus.05zw 
 []

[1

]
! Undefined control sequence.
l.4037  \textheight 47\Cvs
                          
The control sequence at the end of the top line
of your error message was never \def'ed. If you have
misspelled it (e.g., `\hobx'), type `I' and the correct
spelling (e.g., `I\hbox'). Otherwise just continue,
and I'll forget about whatever was undefined.

! Illegal unit of measure (pt inserted).
<to be read again> 
                   \advance 
l.4038  \advance
                 \textheight \topskip
Dimensions can be in units of em, ex, in, pt, pc,
cm, mm, dd, cc, nd, nc, bp, or sp; but yours is a new one!
I'll assume that you meant to say pt, for printer's points.
To recover gracefully from this error, it's best to
delete the erroneous units; e.g., type `2' to delete
two letters. (See Chapter 27 of The TeXbook.)

! Undefined control sequence.
l.4064 \tabbingsep.5\Cwd
                        
The control sequence at the end of the top line
of your error message was never \def'ed. If you have
misspelled it (e.g., `\hobx'), type `I' and the correct
spelling (e.g., `I\hbox'). Otherwise just continue,
and I'll forget about whatever was undefined.

! Illegal unit of measure (pt inserted).
<to be read again> 
                   \par 
l.4065 
       
Dimensions can be in units of em, ex, in, pt, pc,
cm, mm, dd, cc, nd, nc, bp, or sp; but yours is a new one!
I'll assume that you meant to say pt, for printer's points.
To recover gracefully from this error, it's best to
delete the erroneous units; e.g., type `2' to delete
two letters. (See Chapter 27 of The TeXbook.)

\@dummyfigbox=\box52
\twocolcapwidth=\dimen148
\twocolecapwidth=\dimen149
\@compare@result=\count194
\semiyear=\toks15
\semiseq=\toks16
\dateyear=\toks17
\datemonth=\toks18
\dateday=\toks19
\dateweek=\toks20
)
! Illegal unit of measure (pt inserted).
<to be read again> 
                   z
l.2 \usepackage
               [dvips]{graphicx}
Dimensions can be in units of em, ex, in, pt, pc,
cm, mm, dd, cc, nd, nc, bp, or sp; but yours is a new one!
I'll assume that you meant to say pt, for printer's points.
To recover gracefully from this error, it's best to
delete the erroneous units; e.g., type `2' to delete
two letters. (See Chapter 27 of The TeXbook.)


! LaTeX Error: Missing \begin{document}.

See the LaTeX manual or LaTeX Companion for explanation.
Type  H <return>  for immediate help.
 ...                                              
                                                  
l.2 \usepackage
               [dvips]{graphicx}
You're in trouble here.  Try typing  <return>  to proceed.
If that doesn't work, type  X <return>  to quit.

(/usr/local/texlive/2021/texmf-dist/tex/latex/graphics/graphicx.sty
Package: graphicx 2020/09/09 v1.2b Enhanced LaTeX Graphics (DPC,SPQR)
(/usr/local/texlive/2021/texmf-dist/tex/latex/graphics/keyval.sty
Package: keyval 2014/10/28 v1.15 key=value parser (DPC)
\KV@toks@=\toks21
) (/usr/local/texlive/2021/texmf-dist/tex/latex/graphics/graphics.sty
Package: graphics 2020/08/30 v1.4c Standard LaTeX Graphics (DPC,SPQR)
(/usr/local/texlive/2021/texmf-dist/tex/latex/graphics/trig.sty
Package: trig 2016/01/03 v1.10 sin cos tan (DPC)
) (/usr/local/texlive/2021/texmf-dist/tex/latex/graphics-cfg/graphics.cfg
File: graphics.cfg 2016/06/04 v1.11 sample graphics configuration
)
Package graphics Info: Driver file: dvips.def on input line 105.
(/usr/local/texlive/2021/texmf-dist/tex/latex/graphics-def/dvips.def
File: dvips.def 2017/06/20 v3.1d Graphics/color driver for dvips
))
\Gin@req@height=\dimen150
\Gin@req@width=\dimen151
) (/usr/local/texlive/2021/texmf-dist/tex/latex/listings/listings.sty
\lst@mode=\count195
\lst@gtempboxa=\box53
\lst@token=\toks22
\lst@length=\count196
\lst@currlwidth=\dimen152
\lst@column=\count197
\lst@pos=\count198
\lst@lostspace=\dimen153
\lst@width=\dimen154
\lst@newlines=\count199
\lst@lineno=\count266
\lst@maxwidth=\dimen155
(/usr/local/texlive/2021/texmf-dist/tex/latex/listings/lstmisc.sty
File: lstmisc.sty 2020/03/24 1.8d (Carsten Heinz)
\c@lstnumber=\count267
\lst@skipnumbers=\count268
\lst@framebox=\box54
) (/usr/local/texlive/2021/texmf-dist/tex/latex/listings/listings.cfg
File: listings.cfg 2020/03/24 1.8d listings configuration
))
Package: listings 2020/03/24 1.8d (Carsten Heinz)
(./jlisting.sty
Package: jlisting 2006/02/20 0.2 (Thor)
\lst@nextchar=\count269
\lst@inputfile=\read2
) (/usr/local/texlive/2021/texmf-dist/tex/latex/url/url.sty
\Urlmuskip=\muskip16
Package: url 2013/09/16  ver 3.4  Verb mode for urls, etc.
) (/usr/local/texlive/2021/texmf-dist/tex/latex/setspace/setspace.sty
Package: setspace 2011/12/19 v6.7a set line spacing
) (./here.sty) (/usr/local/texlive/2021/texmf-dist/tex/latex/float/float.sty
Package: float 2001/11/08 v1.3d Float enhancements (AL)
\c@float@type=\count270
\float@exts=\toks23
\float@box=\box55
\@float@everytoks=\toks24
\@floatcapt=\box56
) (/usr/local/texlive/2021/texmf-dist/tex/latex/l3backend/l3backend-dvips.def
File: l3backend-dvips.def 2021-03-18 L3 backend support: dvips

LaTeX Warning: First page is already shipped out, ignoring
               \AtBeginDvi on input line 61.

\l__pdf_internal_box=\box57
\g__pdf_backend_object_int=\count271
\l__pdf_backend_content_box=\box58
\l__pdf_backend_model_box=\box59
\g__pdf_backend_annotation_int=\count272
\g__pdf_backend_link_int=\count273
\g__pdf_backend_link_sf_int=\count274
) (out/rinkou.aux)
\openout1 = `rinkou.aux'.

LaTeX Font Info:    Checking defaults for OML/cmm/m/it on input line 27.
LaTeX Font Info:    ... okay on input line 27.
LaTeX Font Info:    Checking defaults for OMS/cmsy/m/n on input line 27.
LaTeX Font Info:    ... okay on input line 27.
LaTeX Font Info:    Checking defaults for OT1/cmr/m/n on input line 27.
LaTeX Font Info:    ... okay on input line 27.
LaTeX Font Info:    Checking defaults for T1/cmr/m/n on input line 27.
LaTeX Font Info:    ... okay on input line 27.
LaTeX Font Info:    Checking defaults for TS1/cmr/m/n on input line 27.
LaTeX Font Info:    ... okay on input line 27.
LaTeX Font Info:    Checking defaults for OMX/cmex/m/n on input line 27.
LaTeX Font Info:    ... okay on input line 27.
LaTeX Font Info:    Checking defaults for U/cmr/m/n on input line 27.
LaTeX Font Info:    ... okay on input line 27.
! Illegal unit of measure (pt inserted).
<to be read again> 
                   H
l.27 \begin{document}
                     
Dimensions can be in units of em, ex, in, pt, pc,
cm, mm, dd, cc, nd, nc, bp, or sp; but yours is a new one!
I'll assume that you meant to say pt, for printer's points.
To recover gracefully from this error, it's best to
delete the erroneous units; e.g., type `2' to delete
two letters. (See Chapter 27 of The TeXbook.)

! Undefined control sequence.
\normalsize ...normalsize {13\JQ }{21H}\kanjiskip 
                                                  \z@ \@plus .1zw \@minus .0...
l.27 \begin{document}
                     
The control sequence at the end of the top line
of your error message was never \def'ed. If you have
misspelled it (e.g., `\hobx'), type `I' and the correct
spelling (e.g., `I\hbox'). Otherwise just continue,
and I'll forget about whatever was undefined.

! Missing number, treated as zero.
<to be read again> 
                   p
l.27 \begin{document}
                     
A number should have been here; I inserted `0'.
(If you can't figure out why I needed to see a number,
look up `weird error' in the index to The TeXbook.)

! Illegal unit of measure (pt inserted).
<to be read again> 
                   p
l.27 \begin{document}
                     
Dimensions can be in units of em, ex, in, pt, pc,
cm, mm, dd, cc, nd, nc, bp, or sp; but yours is a new one!
I'll assume that you meant to say pt, for printer's points.
To recover gracefully from this error, it's best to
delete the erroneous units; e.g., type `2' to delete
two letters. (See Chapter 27 of The TeXbook.)


! LaTeX Error: Missing \begin{document}.

See the LaTeX manual or LaTeX Companion for explanation.
Type  H <return>  for immediate help.
 ...                                              
                                                  
l.27 \begin{document}
                     
You're in trouble here.  Try typing  <return>  to proceed.
If that doesn't work, type  X <return>  to quit.


LaTeX Warning: First page is already shipped out, ignoring
               \AtBeginDvi on input line 27.

\c@lstlisting=\count275

! Package inputenc Error: Unicode character 概 (U+6982)
(inputenc)                not set up for use with LaTeX.

See the inputenc package documentation for explanation.
Type  H <return>  for immediate help.
 ...                                              
                                                  
l.35 \begin{abstract}
                     
You may provide a definition with
\DeclareUnicodeCharacter 


! Package inputenc Error: Unicode character 要 (U+8981)
(inputenc)                not set up for use with LaTeX.

See the inputenc package documentation for explanation.
Type  H <return>  for immediate help.
 ...                                              
                                                  
l.35 \begin{abstract}
                     
You may provide a definition with
\DeclareUnicodeCharacter 


! Package inputenc Error: Unicode character ： (U+FF1A)
(inputenc)                not set up for use with LaTeX.

See the inputenc package documentation for explanation.
Type  H <return>  for immediate help.
 ...                                              
                                                  
l.35 \begin{abstract}
                     
You may provide a definition with
\DeclareUnicodeCharacter 


! Package inputenc Error: Unicode character は (U+306F)
(inputenc)                not set up for use with LaTeX.

See the inputenc package documentation for explanation.
Type  H <return>  for immediate help.
 ...                                              
                                                  
l.36 xv6-public[1]は
                     MITが開発したx86アーキテクチャで動作す...
You may provide a definition with
\DeclareUnicodeCharacter 


! Package inputenc Error: Unicode character が (U+304C)
(inputenc)                not set up for use with LaTeX.

See the inputenc package documentation for explanation.
Type  H <return>  for immediate help.
 ...                                              
                                                  
l.36 xv6-public[1]はMITが
                           開発したx86アーキテクチャで動作す...
You may provide a definition with
\DeclareUnicodeCharacter 


! Package inputenc Error: Unicode character 開 (U+958B)
(inputenc)                not set up for use with LaTeX.

See the inputenc package documentation for explanation.
Type  H <return>  for immediate help.
 ...                                              
                                                  
l.36 xv6-public[1]はMITが開
                              発したx86アーキテクチャで動作す...
You may provide a definition with
\DeclareUnicodeCharacter 


! Package inputenc Error: Unicode character 発 (U+767A)
(inputenc)                not set up for use with LaTeX.

See the inputenc package documentation for explanation.
Type  H <return>  for immediate help.
 ...                                              
                                                  
l.36 xv6-public[1]はMITが開発
                                 したx86アーキテクチャで動作す...
You may provide a definition with
\DeclareUnicodeCharacter 


! Package inputenc Error: Unicode character し (U+3057)
(inputenc)                not set up for use with LaTeX.

See the inputenc package documentation for explanation.
Type  H <return>  for immediate help.
 ...                                              
                                                  
l.36 xv6-public[1]はMITが開発し
                                    たx86アーキテクチャで動作す...
You may provide a definition with
\DeclareUnicodeCharacter 


! Package inputenc Error: Unicode character た (U+305F)
(inputenc)                not set up for use with LaTeX.

See the inputenc package documentation for explanation.
Type  H <return>  for immediate help.
 ...                                              
                                                  
l.36 xv6-public[1]はMITが開発した
                                       x86アーキテクチャで動作す...
You may provide a definition with
\DeclareUnicodeCharacter 


! Package inputenc Error: Unicode character ア (U+30A2)
(inputenc)                not set up for use with LaTeX.

See the inputenc package documentation for explanation.
Type  H <return>  for immediate help.
 ...                                              
                                                  
l.36 xv6-public[1]はMITが開発したx86ア
                                             ーキテクチャで動作す...
You may provide a definition with
\DeclareUnicodeCharacter 


! Package inputenc Error: Unicode character ー (U+30FC)
(inputenc)                not set up for use with LaTeX.

See the inputenc package documentation for explanation.
Type  H <return>  for immediate help.
 ...                                              
                                                  
l.36 xv6-public[1]はMITが開発したx86アー
                                                キテクチャで動作す...
You may provide a definition with
\DeclareUnicodeCharacter 


! Package inputenc Error: Unicode character キ (U+30AD)
(inputenc)                not set up for use with LaTeX.

See the inputenc package documentation for explanation.
Type  H <return>  for immediate help.
 ...                                              
                                                  
l.36 ...public[1]はMITが開発したx86アーキ
                                                  テクチャで動作す...
You may provide a definition with
\DeclareUnicodeCharacter 


! Package inputenc Error: Unicode character テ (U+30C6)
(inputenc)                not set up for use with LaTeX.

See the inputenc package documentation for explanation.
Type  H <return>  for immediate help.
 ...                                              
                                                  
l.36 ...lic[1]はMITが開発したx86アーキテ
                                                  クチャで動作する...
You may provide a definition with
\DeclareUnicodeCharacter 


! Package inputenc Error: Unicode character ク (U+30AF)
(inputenc)                not set up for use with LaTeX.

See the inputenc package documentation for explanation.
Type  H <return>  for immediate help.
 ...                                              
                                                  
l.36 ...[1]はMITが開発したx86アーキテク
                                                  チャで動作する教...
You may provide a definition with
\DeclareUnicodeCharacter 


! Package inputenc Error: Unicode character チ (U+30C1)
(inputenc)                not set up for use with LaTeX.

See the inputenc package documentation for explanation.
Type  H <return>  for immediate help.
 ...                                              
                                                  
l.36 ...はMITが開発したx86アーキテクチ
                                                  ャで動作する教育...
You may provide a definition with
\DeclareUnicodeCharacter 


! Package inputenc Error: Unicode character ャ (U+30E3)
(inputenc)                not set up for use with LaTeX.

See the inputenc package documentation for explanation.
Type  H <return>  for immediate help.
 ...                                              
                                                  
l.36 ...MITが開発したx86アーキテクチャ
                                                  で動作する教育用...
You may provide a definition with
\DeclareUnicodeCharacter 


! Package inputenc Error: Unicode character で (U+3067)
(inputenc)                not set up for use with LaTeX.

See the inputenc package documentation for explanation.
Type  H <return>  for immediate help.
 ...                                              
                                                  
l.36 ...が開発したx86アーキテクチャで
                                                  動作する教育用オ...
You may provide a definition with
\DeclareUnicodeCharacter 


! Package inputenc Error: Unicode character 動 (U+52D5)
(inputenc)                not set up for use with LaTeX.

See the inputenc package documentation for explanation.
Type  H <return>  for immediate help.
 ...                                              
                                                  
l.36 ...開発したx86アーキテクチャで動
                                                  作する教育用オペ...
You may provide a definition with
\DeclareUnicodeCharacter 


! Package inputenc Error: Unicode character 作 (U+4F5C)
(inputenc)                not set up for use with LaTeX.

See the inputenc package documentation for explanation.
Type  H <return>  for immediate help.
 ...                                              
                                                  
l.36 ...発したx86アーキテクチャで動作
                                                  する教育用オペレ...
You may provide a definition with
\DeclareUnicodeCharacter 


! Package inputenc Error: Unicode character す (U+3059)
(inputenc)                not set up for use with LaTeX.

See the inputenc package documentation for explanation.
Type  H <return>  for immediate help.
 ...                                              
                                                  
l.36 ...したx86アーキテクチャで動作す
                                                  る教育用オペレー...
You may provide a definition with
\DeclareUnicodeCharacter 


! Package inputenc Error: Unicode character る (U+308B)
(inputenc)                not set up for use with LaTeX.

See the inputenc package documentation for explanation.
Type  H <return>  for immediate help.
 ...                                              
                                                  
l.36 ...たx86アーキテクチャで動作する
                                                  教育用オペレーテ...
You may provide a definition with
\DeclareUnicodeCharacter 


! Package inputenc Error: Unicode character 教 (U+6559)
(inputenc)                not set up for use with LaTeX.

See the inputenc package documentation for explanation.
Type  H <return>  for immediate help.
 ...                                              
                                                  
l.36 ...x86アーキテクチャで動作する教
                                                  育用オペレーティ...
You may provide a definition with
\DeclareUnicodeCharacter 


! Package inputenc Error: Unicode character 育 (U+80B2)
(inputenc)                not set up for use with LaTeX.

See the inputenc package documentation for explanation.
Type  H <return>  for immediate help.
 ...                                              
                                                  
l.36 ...アーキテクチャで動作する教育
                                                  用オペレーティン...
You may provide a definition with
\DeclareUnicodeCharacter 


! Package inputenc Error: Unicode character 用 (U+7528)
(inputenc)                not set up for use with LaTeX.

See the inputenc package documentation for explanation.
Type  H <return>  for immediate help.
 ...                                              
                                                  
l.36 ...ーキテクチャで動作する教育用
                                                  オペレーティング...
You may provide a definition with
\DeclareUnicodeCharacter 


! Package inputenc Error: Unicode character オ (U+30AA)
(inputenc)                not set up for use with LaTeX.

See the inputenc package documentation for explanation.
Type  H <return>  for immediate help.
 ...                                              
                                                  
l.36 ...キテクチャで動作する教育用オ
                                                  ペレーティングシ...
You may provide a definition with
\DeclareUnicodeCharacter 


! Package inputenc Error: Unicode character ペ (U+30DA)
(inputenc)                not set up for use with LaTeX.

See the inputenc package documentation for explanation.
Type  H <return>  for immediate help.
 ...                                              
                                                  
l.36 ...テクチャで動作する教育用オペ
                                                  レーティングシス...
You may provide a definition with
\DeclareUnicodeCharacter 


! Package inputenc Error: Unicode character レ (U+30EC)
(inputenc)                not set up for use with LaTeX.

See the inputenc package documentation for explanation.
Type  H <return>  for immediate help.
 ...                                              
                                                  
l.36 ...クチャで動作する教育用オペレ
                                                  ーティングシステ...
You may provide a definition with
\DeclareUnicodeCharacter 


! Package inputenc Error: Unicode character ー (U+30FC)
(inputenc)                not set up for use with LaTeX.

See the inputenc package documentation for explanation.
Type  H <return>  for immediate help.
 ...                                              
                                                  
l.36 ...チャで動作する教育用オペレー
                                                  ティングシステム(O...
You may provide a definition with
\DeclareUnicodeCharacter 


! Package inputenc Error: Unicode character テ (U+30C6)
(inputenc)                not set up for use with LaTeX.

See the inputenc package documentation for explanation.
Type  H <return>  for immediate help.
 ...                                              
                                                  
l.36 ...ャで動作する教育用オペレーテ
                                                  ィングシステム(OS)...
You may provide a definition with
\DeclareUnicodeCharacter 


! Package inputenc Error: Unicode character ィ (U+30A3)
(inputenc)                not set up for use with LaTeX.

See the inputenc package documentation for explanation.
Type  H <return>  for immediate help.
 ...                                              
                                                  
l.36 ...で動作する教育用オペレーティ
                                                  ングシステム(OS)で...
You may provide a definition with
\DeclareUnicodeCharacter 


! Package inputenc Error: Unicode character ン (U+30F3)
(inputenc)                not set up for use with LaTeX.

See the inputenc package documentation for explanation.
Type  H <return>  for immediate help.
 ...                                              
                                                  
l.36 ...動作する教育用オペレーティン
                                                  グシステム(OS)であ...
You may provide a definition with
\DeclareUnicodeCharacter 


! Package inputenc Error: Unicode character グ (U+30B0)
(inputenc)                not set up for use with LaTeX.

See the inputenc package documentation for explanation.
Type  H <return>  for immediate help.
 ...                                              
                                                  
l.36 ...作する教育用オペレーティング
                                                  システム(OS)である....
You may provide a definition with
\DeclareUnicodeCharacter 


! Package inputenc Error: Unicode character シ (U+30B7)
(inputenc)                not set up for use with LaTeX.

See the inputenc package documentation for explanation.
Type  H <return>  for immediate help.
 ...                                              
                                                  
l.36 ...する教育用オペレーティングシ
                                                  ステム(OS)である.xv6...
You may provide a definition with
\DeclareUnicodeCharacter 


! Package inputenc Error: Unicode character ス (U+30B9)
(inputenc)                not set up for use with LaTeX.

See the inputenc package documentation for explanation.
Type  H <return>  for immediate help.
 ...                                              
                                                  
l.36 ...る教育用オペレーティングシス
                                                  テム(OS)である.xv6を...
You may provide a definition with
\DeclareUnicodeCharacter 


! Package inputenc Error: Unicode character テ (U+30C6)
(inputenc)                not set up for use with LaTeX.

See the inputenc package documentation for explanation.
Type  H <return>  for immediate help.
 ...                                              
                                                  
l.36 ...教育用オペレーティングシステ
                                                  ム(OS)である.xv6を動...
You may provide a definition with
\DeclareUnicodeCharacter 


! Package inputenc Error: Unicode character ム (U+30E0)
(inputenc)                not set up for use with LaTeX.

See the inputenc package documentation for explanation.
Type  H <return>  for immediate help.
 ...                                              
                                                  
l.36 ...育用オペレーティングシステム
                                                  (OS)である.xv6を動作...
You may provide a definition with
\DeclareUnicodeCharacter 


! Package inputenc Error: Unicode character で (U+3067)
(inputenc)                not set up for use with LaTeX.

See the inputenc package documentation for explanation.
Type  H <return>  for immediate help.
 ...                                              
                                                  
l.36 ...ペレーティングシステム(OS)で
                                                  ある.xv6を動作させ...
You may provide a definition with
\DeclareUnicodeCharacter 


! Package inputenc Error: Unicode character あ (U+3042)
(inputenc)                not set up for use with LaTeX.

See the inputenc package documentation for explanation.
Type  H <return>  for immediate help.
 ...                                              
                                                  
l.36 ...レーティングシステム(OS)であ
                                                  る.xv6を動作させる...
You may provide a definition with
\DeclareUnicodeCharacter 


! Package inputenc Error: Unicode character る (U+308B)
(inputenc)                not set up for use with LaTeX.

See the inputenc package documentation for explanation.
Type  H <return>  for immediate help.
 ...                                              
                                                  
l.36 ...ーティングシステム(OS)である
                                                  .xv6を動作させるに...
You may provide a definition with
\DeclareUnicodeCharacter 


! Package inputenc Error: Unicode character を (U+3092)
(inputenc)                not set up for use with LaTeX.

See the inputenc package documentation for explanation.
Type  H <return>  for immediate help.
 ...                                              
                                                  
l.36 ...ィングシステム(OS)である.xv6を
                                                  動作させるにはプ...
You may provide a definition with
\DeclareUnicodeCharacter 


! Package inputenc Error: Unicode character 動 (U+52D5)
(inputenc)                not set up for use with LaTeX.

See the inputenc package documentation for explanation.
Type  H <return>  for immediate help.
 ...                                              
                                                  
l.36 ...ングシステム(OS)である.xv6を動
                                                  作させるにはプロ...
You may provide a definition with
\DeclareUnicodeCharacter 


! Package inputenc Error: Unicode character 作 (U+4F5C)
(inputenc)                not set up for use with LaTeX.

See the inputenc package documentation for explanation.
Type  H <return>  for immediate help.
 ...                                              
                                                  
l.36 ...グシステム(OS)である.xv6を動作
                                                  させるにはプロセ...
You may provide a definition with
\DeclareUnicodeCharacter 


! Package inputenc Error: Unicode character さ (U+3055)
(inputenc)                not set up for use with LaTeX.

See the inputenc package documentation for explanation.
Type  H <return>  for immediate help.
 ...                                              
                                                  
l.36 ...システム(OS)である.xv6を動作さ
                                                  せるにはプロセッ...
You may provide a definition with
\DeclareUnicodeCharacter 


! Package inputenc Error: Unicode character せ (U+305B)
(inputenc)                not set up for use with LaTeX.

See the inputenc package documentation for explanation.
Type  H <return>  for immediate help.
 ...                                              
                                                  
l.36 ...ステム(OS)である.xv6を動作させ
                                                  るにはプロセッサ...
You may provide a definition with
\DeclareUnicodeCharacter 


! Package inputenc Error: Unicode character る (U+308B)
(inputenc)                not set up for use with LaTeX.

See the inputenc package documentation for explanation.
Type  H <return>  for immediate help.
 ...                                              
                                                  
l.36 ...テム(OS)である.xv6を動作させる
                                                  にはプロセッサエ...
You may provide a definition with
\DeclareUnicodeCharacter 


! Package inputenc Error: Unicode character に (U+306B)
(inputenc)                not set up for use with LaTeX.

See the inputenc package documentation for explanation.
Type  H <return>  for immediate help.
 ...                                              
                                                  
l.36 ...ム(OS)である.xv6を動作させるに
                                                  はプロセッサエミ...
You may provide a definition with
\DeclareUnicodeCharacter 


! Package inputenc Error: Unicode character は (U+306F)
(inputenc)                not set up for use with LaTeX.

See the inputenc package documentation for explanation.
Type  H <return>  for immediate help.
 ...                                              
                                                  
l.36 ...(OS)である.xv6を動作させるには
                                                  プロセッサエミュ...
You may provide a definition with
\DeclareUnicodeCharacter 


! Package inputenc Error: Unicode character プ (U+30D7)
(inputenc)                not set up for use with LaTeX.

See the inputenc package documentation for explanation.
Type  H <return>  for immediate help.
 ...                                              
                                                  
l.36 ...S)である.xv6を動作させるにはプ
                                                  ロセッサエミュレ...
You may provide a definition with
\DeclareUnicodeCharacter 


! Package inputenc Error: Unicode character ロ (U+30ED)
(inputenc)                not set up for use with LaTeX.

See the inputenc package documentation for explanation.
Type  H <return>  for immediate help.
 ...                                              
                                                  
l.36 ...ある.xv6を動作させるにはプロ
                                                  セッサエミュレー...
You may provide a definition with
\DeclareUnicodeCharacter 


! Package inputenc Error: Unicode character セ (U+30BB)
(inputenc)                not set up for use with LaTeX.

See the inputenc package documentation for explanation.
Type  H <return>  for immediate help.
 ...                                              
                                                  
l.36 ...る.xv6を動作させるにはプロセ
                                                  ッサエミュレータQE...
You may provide a definition with
\DeclareUnicodeCharacter 


! Package inputenc Error: Unicode character ッ (U+30C3)
(inputenc)                not set up for use with LaTeX.

See the inputenc package documentation for explanation.
Type  H <return>  for immediate help.
 ...                                              
                                                  
l.36 ....xv6を動作させるにはプロセッ
                                                  サエミュレータQEMU...
You may provide a definition with
\DeclareUnicodeCharacter 


! Package inputenc Error: Unicode character サ (U+30B5)
(inputenc)                not set up for use with LaTeX.

See the inputenc package documentation for explanation.
Type  H <return>  for immediate help.
 ...                                              
                                                  
l.36 ...xv6を動作させるにはプロセッサ
                                                  エミュレータQEMUを...
You may provide a definition with
\DeclareUnicodeCharacter 


! Package inputenc Error: Unicode character エ (U+30A8)
(inputenc)                not set up for use with LaTeX.

See the inputenc package documentation for explanation.
Type  H <return>  for immediate help.
 ...                                              
                                                  
l.36 ...を動作させるにはプロセッサエ
                                                  ミュレータQEMUを使...
You may provide a definition with
\DeclareUnicodeCharacter 


! Package inputenc Error: Unicode character ミ (U+30DF)
(inputenc)                not set up for use with LaTeX.

See the inputenc package documentation for explanation.
Type  H <return>  for immediate help.
 ...                                              
                                                  
l.36 ...動作させるにはプロセッサエミ
                                                  ュレータQEMUを使用...
You may provide a definition with
\DeclareUnicodeCharacter 


! Package inputenc Error: Unicode character ュ (U+30E5)
(inputenc)                not set up for use with LaTeX.

See the inputenc package documentation for explanation.
Type  H <return>  for immediate help.
 ...                                              
                                                  
l.36 ...作させるにはプロセッサエミュ
                                                  レータQEMUを使用す...
You may provide a definition with
\DeclareUnicodeCharacter 


! Package inputenc Error: Unicode character レ (U+30EC)
(inputenc)                not set up for use with LaTeX.

See the inputenc package documentation for explanation.
Type  H <return>  for immediate help.
 ...                                              
                                                  
l.36 ...させるにはプロセッサエミュレ
                                                  ータQEMUを使用する....
You may provide a definition with
\DeclareUnicodeCharacter 


! Package inputenc Error: Unicode character ー (U+30FC)
(inputenc)                not set up for use with LaTeX.

See the inputenc package documentation for explanation.
Type  H <return>  for immediate help.
 ...                                              
                                                  
l.36 ...せるにはプロセッサエミュレー
                                                  タQEMUを使用する.本...
You may provide a definition with
\DeclareUnicodeCharacter 


! Package inputenc Error: Unicode character タ (U+30BF)
(inputenc)                not set up for use with LaTeX.

See the inputenc package documentation for explanation.
Type  H <return>  for immediate help.
 ...                                              
                                                  
l.36 ...るにはプロセッサエミュレータ
                                                  QEMUを使用する.本稿...
You may provide a definition with
\DeclareUnicodeCharacter 


! Package inputenc Error: Unicode character を (U+3092)
(inputenc)                not set up for use with LaTeX.

See the inputenc package documentation for explanation.
Type  H <return>  for immediate help.
 ...                                              
                                                  
l.36 ...プロセッサエミュレータQEMUを
                                                  使用する.本稿ではQ...
You may provide a definition with
\DeclareUnicodeCharacter 


! Package inputenc Error: Unicode character 使 (U+4F7F)
(inputenc)                not set up for use with LaTeX.

See the inputenc package documentation for explanation.
Type  H <return>  for immediate help.
 ...                                              
                                                  
l.36 ...ロセッサエミュレータQEMUを使
                                                  用する.本稿ではQEMU...
You may provide a definition with
\DeclareUnicodeCharacter 


! Package inputenc Error: Unicode character 用 (U+7528)
(inputenc)                not set up for use with LaTeX.

See the inputenc package documentation for explanation.
Type  H <return>  for immediate help.
 ...                                              
                                                  
l.36 ...セッサエミュレータQEMUを使用
                                                  する.本稿ではQEMUに...
You may provide a definition with
\DeclareUnicodeCharacter 


! Package inputenc Error: Unicode character す (U+3059)
(inputenc)                not set up for use with LaTeX.

See the inputenc package documentation for explanation.
Type  H <return>  for immediate help.
 ...                                              
                                                  
l.36 ...ッサエミュレータQEMUを使用す
                                                  る.本稿ではQEMUにxv6...
You may provide a definition with
\DeclareUnicodeCharacter 


! Package inputenc Error: Unicode character る (U+308B)
(inputenc)                not set up for use with LaTeX.

See the inputenc package documentation for explanation.
Type  H <return>  for immediate help.
 ...                                              
                                                  
l.36 ...サエミュレータQEMUを使用する
                                                  .本稿ではQEMUにxv6を...
You may provide a definition with
\DeclareUnicodeCharacter 


! Package inputenc Error: Unicode character 本 (U+672C)
(inputenc)                not set up for use with LaTeX.

See the inputenc package documentation for explanation.
Type  H <return>  for immediate help.
 ...                                              
                                                  
l.36 ...エミュレータQEMUを使用する.本
                                                  稿ではQEMUにxv6を起...
You may provide a definition with
\DeclareUnicodeCharacter 


! Package inputenc Error: Unicode character 稿 (U+7A3F)
(inputenc)                not set up for use with LaTeX.

See the inputenc package documentation for explanation.
Type  H <return>  for immediate help.
 ...                                              
                                                  
l.36 ...ミュレータQEMUを使用する.本稿
                                                  ではQEMUにxv6を起動...
You may provide a definition with
\DeclareUnicodeCharacter 


! Package inputenc Error: Unicode character で (U+3067)
(inputenc)                not set up for use with LaTeX.

See the inputenc package documentation for explanation.
Type  H <return>  for immediate help.
 ...                                              
                                                  
l.36 ...ュレータQEMUを使用する.本稿で
                                                  はQEMUにxv6を起動す...
You may provide a definition with
\DeclareUnicodeCharacter 


! Package inputenc Error: Unicode character は (U+306F)
(inputenc)                not set up for use with LaTeX.

See the inputenc package documentation for explanation.
Type  H <return>  for immediate help.
 ...                                              
                                                  
l.36 ...レータQEMUを使用する.本稿では
                                                  QEMUにxv6を起動する...
You may provide a definition with
\DeclareUnicodeCharacter 


! Package inputenc Error: Unicode character に (U+306B)
(inputenc)                not set up for use with LaTeX.

See the inputenc package documentation for explanation.
Type  H <return>  for immediate help.
 ...                                              
                                                  
l.36 ...タQEMUを使用する.本稿ではQEMUに
                                                  xv6を起動するよう...
You may provide a definition with
\DeclareUnicodeCharacter 


! Package inputenc Error: Unicode character を (U+3092)
(inputenc)                not set up for use with LaTeX.

See the inputenc package documentation for explanation.
Type  H <return>  for immediate help.
 ...                                              
                                                  
l.36 ...Uを使用する.本稿ではQEMUにxv6を
                                                  起動するように命...
You may provide a definition with
\DeclareUnicodeCharacter 


! Package inputenc Error: Unicode character 起 (U+8D77)
(inputenc)                not set up for use with LaTeX.

See the inputenc package documentation for explanation.
Type  H <return>  for immediate help.
 ...                                              
                                                  
l.36 ...使用する.本稿ではQEMUにxv6を起
                                                  動するように命令...
You may provide a definition with
\DeclareUnicodeCharacter 


! Package inputenc Error: Unicode character 動 (U+52D5)
(inputenc)                not set up for use with LaTeX.

See the inputenc package documentation for explanation.
Type  H <return>  for immediate help.
 ...                                              
                                                  
l.36 ...用する.本稿ではQEMUにxv6を起動
                                                  するように命令を...
You may provide a definition with
\DeclareUnicodeCharacter 


! Package inputenc Error: Unicode character す (U+3059)
(inputenc)                not set up for use with LaTeX.

See the inputenc package documentation for explanation.
Type  H <return>  for immediate help.
 ...                                              
                                                  
l.36 ...する.本稿ではQEMUにxv6を起動す
                                                  るように命令をし...
You may provide a definition with
\DeclareUnicodeCharacter 


! Package inputenc Error: Unicode character る (U+308B)
(inputenc)                not set up for use with LaTeX.

See the inputenc package documentation for explanation.
Type  H <return>  for immediate help.
 ...                                              
                                                  
l.36 ...る.本稿ではQEMUにxv6を起動する
                                                  ように命令をして...
You may provide a definition with
\DeclareUnicodeCharacter 


! Package inputenc Error: Unicode character よ (U+3088)
(inputenc)                not set up for use with LaTeX.

See the inputenc package documentation for explanation.
Type  H <return>  for immediate help.
 ...                                              
                                                  
l.36 ....本稿ではQEMUにxv6を起動するよ
                                                  うに命令をしてか...
You may provide a definition with
\DeclareUnicodeCharacter 


! Package inputenc Error: Unicode character う (U+3046)
(inputenc)                not set up for use with LaTeX.

See the inputenc package documentation for explanation.
Type  H <return>  for immediate help.
 ...                                              
                                                  
l.36 ...稿ではQEMUにxv6を起動するよう
                                                  に命令をしてから,x...
You may provide a definition with
\DeclareUnicodeCharacter 


! Package inputenc Error: Unicode character に (U+306B)
(inputenc)                not set up for use with LaTeX.

See the inputenc package documentation for explanation.
Type  H <return>  for immediate help.
 ...                                              
                                                  
l.36 ...ではQEMUにxv6を起動するように
                                                  命令をしてから,xv6...
You may provide a definition with
\DeclareUnicodeCharacter 


! Package inputenc Error: Unicode character 命 (U+547D)
(inputenc)                not set up for use with LaTeX.

See the inputenc package documentation for explanation.
Type  H <return>  for immediate help.
 ...                                              
                                                  
l.36 ...はQEMUにxv6を起動するように命
                                                  令をしてから,xv6の...
You may provide a definition with
\DeclareUnicodeCharacter 


! Package inputenc Error: Unicode character 令 (U+4EE4)
(inputenc)                not set up for use with LaTeX.

See the inputenc package documentation for explanation.
Type  H <return>  for immediate help.
 ...                                              
                                                  
l.36 ...QEMUにxv6を起動するように命令
                                                  をしてから,xv6のカ...
You may provide a definition with
\DeclareUnicodeCharacter 


! Package inputenc Error: Unicode character を (U+3092)
(inputenc)                not set up for use with LaTeX.

See the inputenc package documentation for explanation.
Type  H <return>  for immediate help.
 ...                                              
                                                  
l.36 ...EMUにxv6を起動するように命令を
                                                  してから,xv6のカー...
You may provide a definition with
\DeclareUnicodeCharacter 


! Package inputenc Error: Unicode character し (U+3057)
(inputenc)                not set up for use with LaTeX.

See the inputenc package documentation for explanation.
Type  H <return>  for immediate help.
 ...                                              
                                                  
l.36 ...にxv6を起動するように命令をし
                                                  てから,xv6のカーネ...
You may provide a definition with
\DeclareUnicodeCharacter 


! Package inputenc Error: Unicode character て (U+3066)
(inputenc)                not set up for use with LaTeX.

See the inputenc package documentation for explanation.
Type  H <return>  for immediate help.
 ...                                              
                                                  
l.36 ...xv6を起動するように命令をして
                                                  から,xv6のカーネル...
You may provide a definition with
\DeclareUnicodeCharacter 


! Package inputenc Error: Unicode character か (U+304B)
(inputenc)                not set up for use with LaTeX.

See the inputenc package documentation for explanation.
Type  H <return>  for immediate help.
 ...                                              
                                                  
l.36 ...を起動するように命令をしてか
                                                  ら,xv6のカーネルが...
You may provide a definition with
\DeclareUnicodeCharacter 


! Package inputenc Error: Unicode character ら (U+3089)
(inputenc)                not set up for use with LaTeX.

See the inputenc package documentation for explanation.
Type  H <return>  for immediate help.
 ...                                              
                                                  
l.36 ...起動するように命令をしてから
                                                  ,xv6のカーネルがメ...
You may provide a definition with
\DeclareUnicodeCharacter 


! Package inputenc Error: Unicode character の (U+306E)
(inputenc)                not set up for use with LaTeX.

See the inputenc package documentation for explanation.
Type  H <return>  for immediate help.
 ...                                              
                                                  
l.36 ...るように命令をしてから,xv6の
                                                  カーネルがメモリ...
You may provide a definition with
\DeclareUnicodeCharacter 


! Package inputenc Error: Unicode character カ (U+30AB)
(inputenc)                not set up for use with LaTeX.

See the inputenc package documentation for explanation.
Type  H <return>  for immediate help.
 ...                                              
                                                  
l.36 ...ように命令をしてから,xv6のカ
                                                  ーネルがメモリ上...
You may provide a definition with
\DeclareUnicodeCharacter 


! Package inputenc Error: Unicode character ー (U+30FC)
(inputenc)                not set up for use with LaTeX.

See the inputenc package documentation for explanation.
Type  H <return>  for immediate help.
 ...                                              
                                                  
l.36 ...うに命令をしてから,xv6のカー
                                                  ネルがメモリ上に...
You may provide a definition with
\DeclareUnicodeCharacter 


! Package inputenc Error: Unicode character ネ (U+30CD)
(inputenc)                not set up for use with LaTeX.

See the inputenc package documentation for explanation.
Type  H <return>  for immediate help.
 ...                                              
                                                  
l.36 ...に命令をしてから,xv6のカーネ
                                                  ルがメモリ上に配...
You may provide a definition with
\DeclareUnicodeCharacter 


! Package inputenc Error: Unicode character ル (U+30EB)
(inputenc)                not set up for use with LaTeX.

See the inputenc package documentation for explanation.
Type  H <return>  for immediate help.
 ...                                              
                                                  
l.36 ...命令をしてから,xv6のカーネル
                                                  がメモリ上に配置...
You may provide a definition with
\DeclareUnicodeCharacter 


! Package inputenc Error: Unicode character が (U+304C)
(inputenc)                not set up for use with LaTeX.

See the inputenc package documentation for explanation.
Type  H <return>  for immediate help.
 ...                                              
                                                  
l.36 ...令をしてから,xv6のカーネルが
                                                  メモリ上に配置さ...
You may provide a definition with
\DeclareUnicodeCharacter 


! Package inputenc Error: Unicode character メ (U+30E1)
(inputenc)                not set up for use with LaTeX.

See the inputenc package documentation for explanation.
Type  H <return>  for immediate help.
 ...                                              
                                                  
l.36 ...をしてから,xv6のカーネルがメ
                                                  モリ上に配置され...
You may provide a definition with
\DeclareUnicodeCharacter 


! Package inputenc Error: Unicode character モ (U+30E2)
(inputenc)                not set up for use with LaTeX.

See the inputenc package documentation for explanation.
Type  H <return>  for immediate help.
 ...                                              
                                                  
l.36 ...してから,xv6のカーネルがメモ
                                                  リ上に配置される...
You may provide a definition with
\DeclareUnicodeCharacter 


! Package inputenc Error: Unicode character リ (U+30EA)
(inputenc)                not set up for use with LaTeX.

See the inputenc package documentation for explanation.
Type  H <return>  for immediate help.
 ...                                              
                                                  
l.36 ...てから,xv6のカーネルがメモリ
                                                  上に配置されるま...
You may provide a definition with
\DeclareUnicodeCharacter 


! Package inputenc Error: Unicode character 上 (U+4E0A)
(inputenc)                not set up for use with LaTeX.

See the inputenc package documentation for explanation.
Type  H <return>  for immediate help.
 ...                                              
                                                  
l.36 ...から,xv6のカーネルがメモリ上
                                                  に配置されるまで...
You may provide a definition with
\DeclareUnicodeCharacter 


! Package inputenc Error: Unicode character に (U+306B)
(inputenc)                not set up for use with LaTeX.

See the inputenc package documentation for explanation.
Type  H <return>  for immediate help.
 ...                                              
                                                  
l.36 ...ら,xv6のカーネルがメモリ上に
                                                  配置されるまでの...
You may provide a definition with
\DeclareUnicodeCharacter 


! Package inputenc Error: Unicode character 配 (U+914D)
(inputenc)                not set up for use with LaTeX.

See the inputenc package documentation for explanation.
Type  H <return>  for immediate help.
 ...                                              
                                                  
l.36 ...,xv6のカーネルがメモリ上に配
                                                  置されるまでの一...
You may provide a definition with
\DeclareUnicodeCharacter 


! Package inputenc Error: Unicode character 置 (U+7F6E)
(inputenc)                not set up for use with LaTeX.

See the inputenc package documentation for explanation.
Type  H <return>  for immediate help.
 ...                                              
                                                  
l.36 ...xv6のカーネルがメモリ上に配置
                                                  されるまでの一連...
You may provide a definition with
\DeclareUnicodeCharacter 


! Package inputenc Error: Unicode character さ (U+3055)
(inputenc)                not set up for use with LaTeX.

See the inputenc package documentation for explanation.
Type  H <return>  for immediate help.
 ...                                              
                                                  
l.36 ...のカーネルがメモリ上に配置さ
                                                  れるまでの一連の...
You may provide a definition with
\DeclareUnicodeCharacter 


! Package inputenc Error: Unicode character れ (U+308C)
(inputenc)                not set up for use with LaTeX.

See the inputenc package documentation for explanation.
Type  H <return>  for immediate help.
 ...                                              
                                                  
l.36 ...カーネルがメモリ上に配置され
                                                  るまでの一連の動...
You may provide a definition with
\DeclareUnicodeCharacter 


! Package inputenc Error: Unicode character る (U+308B)
(inputenc)                not set up for use with LaTeX.

See the inputenc package documentation for explanation.
Type  H <return>  for immediate help.
 ...                                              
                                                  
l.36 ...ーネルがメモリ上に配置される
                                                  までの一連の動作...
You may provide a definition with
\DeclareUnicodeCharacter 


! Package inputenc Error: Unicode character ま (U+307E)
(inputenc)                not set up for use with LaTeX.

See the inputenc package documentation for explanation.
Type  H <return>  for immediate help.
 ...                                              
                                                  
l.36 ...ネルがメモリ上に配置されるま
                                                  での一連の動作に...
(That makes 100 errors; please try again.) 
Here is how much of TeX's memory you used:
 2906 strings out of 478995
 41445 string characters out of 5858209
 331263 words of memory out of 5000000
 20426 multiletter control sequences out of 15000+600000
 404338 words of font info for 30 fonts, out of 8000000 for 9000
 1141 hyphenation exceptions out of 8191
 68i,4n,74p,603b,263s stack positions out of 5000i,500n,10000p,200000b,80000s

Output written on out/rinkou.dvi (1 page, 320 bytes).
